0 info it worked if it ends with ok
1 verbose cli [ 'C:\\Program Files\\nodejs\\node.exe',
1 verbose cli   'C:\\Users\\Ramses\\AppData\\Roaming\\npm\\node_modules\\npm\\bin\\npm-cli.js',
1 verbose cli   'cache',
1 verbose cli   'clean' ]
2 info using npm@3.8.7
3 info using node@v4.4.3
4 silly ls normalized .
5 silly gentlyRm C:\Users\Ramses\AppData\Roaming\npm-cache\_locks is being purged
6 verbose gentlyRm don't care about contents; nuking C:\Users\Ramses\AppData\Roaming\npm-cache\_locks
7 silly gentlyRm C:\Users\Ramses\AppData\Roaming\npm-cache\ansi-regex is being purged
8 verbose gentlyRm don't care about contents; nuking C:\Users\Ramses\AppData\Roaming\npm-cache\ansi-regex
9 silly gentlyRm C:\Users\Ramses\AppData\Roaming\npm-cache\ansi-styles is being purged
10 verbose gentlyRm don't care about contents; nuking C:\Users\Ramses\AppData\Roaming\npm-cache\ansi-styles
11 silly gentlyRm C:\Users\Ramses\AppData\Roaming\npm-cache\asn1 is being purged
12 verbose gentlyRm don't care about contents; nuking C:\Users\Ramses\AppData\Roaming\npm-cache\asn1
13 silly gentlyRm C:\Users\Ramses\AppData\Roaming\npm-cache\assert-plus is being purged
14 verbose gentlyRm don't care about contents; nuking C:\Users\Ramses\AppData\Roaming\npm-cache\assert-plus
15 silly gentlyRm C:\Users\Ramses\AppData\Roaming\npm-cache\async is being purged
16 verbose gentlyRm don't care about contents; nuking C:\Users\Ramses\AppData\Roaming\npm-cache\async
17 silly gentlyRm C:\Users\Ramses\AppData\Roaming\npm-cache\aws-sign2 is being purged
18 verbose gentlyRm don't care about contents; nuking C:\Users\Ramses\AppData\Roaming\npm-cache\aws-sign2
19 silly gentlyRm C:\Users\Ramses\AppData\Roaming\npm-cache\balanced-match is being purged
20 verbose gentlyRm don't care about contents; nuking C:\Users\Ramses\AppData\Roaming\npm-cache\balanced-match
21 silly gentlyRm C:\Users\Ramses\AppData\Roaming\npm-cache\bl is being purged
22 verbose gentlyRm don't care about contents; nuking C:\Users\Ramses\AppData\Roaming\npm-cache\bl
23 silly gentlyRm C:\Users\Ramses\AppData\Roaming\npm-cache\boom is being purged
24 verbose gentlyRm don't care about contents; nuking C:\Users\Ramses\AppData\Roaming\npm-cache\boom
25 silly gentlyRm C:\Users\Ramses\AppData\Roaming\npm-cache\brace-expansion is being purged
26 verbose gentlyRm don't care about contents; nuking C:\Users\Ramses\AppData\Roaming\npm-cache\brace-expansion
27 silly gentlyRm C:\Users\Ramses\AppData\Roaming\npm-cache\caseless is being purged
28 verbose gentlyRm don't care about contents; nuking C:\Users\Ramses\AppData\Roaming\npm-cache\caseless
29 silly gentlyRm C:\Users\Ramses\AppData\Roaming\npm-cache\chalk is being purged
30 verbose gentlyRm don't care about contents; nuking C:\Users\Ramses\AppData\Roaming\npm-cache\chalk
31 silly gentlyRm C:\Users\Ramses\AppData\Roaming\npm-cache\combined-stream is being purged
32 verbose gentlyRm don't care about contents; nuking C:\Users\Ramses\AppData\Roaming\npm-cache\combined-stream
33 silly gentlyRm C:\Users\Ramses\AppData\Roaming\npm-cache\commander is being purged
34 verbose gentlyRm don't care about contents; nuking C:\Users\Ramses\AppData\Roaming\npm-cache\commander
35 silly gentlyRm C:\Users\Ramses\AppData\Roaming\npm-cache\concat-map is being purged
36 verbose gentlyRm don't care about contents; nuking C:\Users\Ramses\AppData\Roaming\npm-cache\concat-map
37 silly gentlyRm C:\Users\Ramses\AppData\Roaming\npm-cache\concat-stream is being purged
38 verbose gentlyRm don't care about contents; nuking C:\Users\Ramses\AppData\Roaming\npm-cache\concat-stream
39 silly gentlyRm C:\Users\Ramses\AppData\Roaming\npm-cache\core-util-is is being purged
40 verbose gentlyRm don't care about contents; nuking C:\Users\Ramses\AppData\Roaming\npm-cache\core-util-is
41 silly gentlyRm C:\Users\Ramses\AppData\Roaming\npm-cache\cryptiles is being purged
42 verbose gentlyRm don't care about contents; nuking C:\Users\Ramses\AppData\Roaming\npm-cache\cryptiles
43 silly gentlyRm C:\Users\Ramses\AppData\Roaming\npm-cache\dashdash is being purged
44 verbose gentlyRm don't care about contents; nuking C:\Users\Ramses\AppData\Roaming\npm-cache\dashdash
45 silly gentlyRm C:\Users\Ramses\AppData\Roaming\npm-cache\debug is being purged
46 verbose gentlyRm don't care about contents; nuking C:\Users\Ramses\AppData\Roaming\npm-cache\debug
47 silly gentlyRm C:\Users\Ramses\AppData\Roaming\npm-cache\delayed-stream is being purged
48 verbose gentlyRm don't care about contents; nuking C:\Users\Ramses\AppData\Roaming\npm-cache\delayed-stream
49 silly gentlyRm C:\Users\Ramses\AppData\Roaming\npm-cache\ecc-jsbn is being purged
50 verbose gentlyRm don't care about contents; nuking C:\Users\Ramses\AppData\Roaming\npm-cache\ecc-jsbn
51 silly gentlyRm C:\Users\Ramses\AppData\Roaming\npm-cache\escape-string-regexp is being purged
52 verbose gentlyRm don't care about contents; nuking C:\Users\Ramses\AppData\Roaming\npm-cache\escape-string-regexp
53 silly gentlyRm C:\Users\Ramses\AppData\Roaming\npm-cache\extend is being purged
54 verbose gentlyRm don't care about contents; nuking C:\Users\Ramses\AppData\Roaming\npm-cache\extend
55 silly gentlyRm C:\Users\Ramses\AppData\Roaming\npm-cache\extract-zip is being purged
56 verbose gentlyRm don't care about contents; nuking C:\Users\Ramses\AppData\Roaming\npm-cache\extract-zip
57 silly gentlyRm C:\Users\Ramses\AppData\Roaming\npm-cache\extsprintf is being purged
58 verbose gentlyRm don't care about contents; nuking C:\Users\Ramses\AppData\Roaming\npm-cache\extsprintf
59 silly gentlyRm C:\Users\Ramses\AppData\Roaming\npm-cache\fd-slicer is being purged
60 verbose gentlyRm don't care about contents; nuking C:\Users\Ramses\AppData\Roaming\npm-cache\fd-slicer
61 silly gentlyRm C:\Users\Ramses\AppData\Roaming\npm-cache\forever-agent is being purged
62 verbose gentlyRm don't care about contents; nuking C:\Users\Ramses\AppData\Roaming\npm-cache\forever-agent
63 silly gentlyRm C:\Users\Ramses\AppData\Roaming\npm-cache\form-data is being purged
64 verbose gentlyRm don't care about contents; nuking C:\Users\Ramses\AppData\Roaming\npm-cache\form-data
65 silly gentlyRm C:\Users\Ramses\AppData\Roaming\npm-cache\fs-extra is being purged
66 verbose gentlyRm don't care about contents; nuking C:\Users\Ramses\AppData\Roaming\npm-cache\fs-extra
67 silly gentlyRm C:\Users\Ramses\AppData\Roaming\npm-cache\generate-function is being purged
68 verbose gentlyRm don't care about contents; nuking C:\Users\Ramses\AppData\Roaming\npm-cache\generate-function
69 silly gentlyRm C:\Users\Ramses\AppData\Roaming\npm-cache\generate-object-property is being purged
70 verbose gentlyRm don't care about contents; nuking C:\Users\Ramses\AppData\Roaming\npm-cache\generate-object-property
71 silly gentlyRm C:\Users\Ramses\AppData\Roaming\npm-cache\getpass is being purged
72 verbose gentlyRm don't care about contents; nuking C:\Users\Ramses\AppData\Roaming\npm-cache\getpass
73 silly gentlyRm C:\Users\Ramses\AppData\Roaming\npm-cache\glob is being purged
74 verbose gentlyRm don't care about contents; nuking C:\Users\Ramses\AppData\Roaming\npm-cache\glob
75 silly gentlyRm C:\Users\Ramses\AppData\Roaming\npm-cache\graceful-fs is being purged
76 verbose gentlyRm don't care about contents; nuking C:\Users\Ramses\AppData\Roaming\npm-cache\graceful-fs
77 silly gentlyRm C:\Users\Ramses\AppData\Roaming\npm-cache\graceful-readlink is being purged
78 verbose gentlyRm don't care about contents; nuking C:\Users\Ramses\AppData\Roaming\npm-cache\graceful-readlink
79 silly gentlyRm C:\Users\Ramses\AppData\Roaming\npm-cache\har-validator is being purged
80 verbose gentlyRm don't care about contents; nuking C:\Users\Ramses\AppData\Roaming\npm-cache\har-validator
81 silly gentlyRm C:\Users\Ramses\AppData\Roaming\npm-cache\has-ansi is being purged
82 verbose gentlyRm don't care about contents; nuking C:\Users\Ramses\AppData\Roaming\npm-cache\has-ansi
83 silly gentlyRm C:\Users\Ramses\AppData\Roaming\npm-cache\hasha is being purged
84 verbose gentlyRm don't care about contents; nuking C:\Users\Ramses\AppData\Roaming\npm-cache\hasha
85 silly gentlyRm C:\Users\Ramses\AppData\Roaming\npm-cache\hawk is being purged
86 verbose gentlyRm don't care about contents; nuking C:\Users\Ramses\AppData\Roaming\npm-cache\hawk
87 silly gentlyRm C:\Users\Ramses\AppData\Roaming\npm-cache\hoek is being purged
88 verbose gentlyRm don't care about contents; nuking C:\Users\Ramses\AppData\Roaming\npm-cache\hoek
89 silly gentlyRm C:\Users\Ramses\AppData\Roaming\npm-cache\http-signature is being purged
90 verbose gentlyRm don't care about contents; nuking C:\Users\Ramses\AppData\Roaming\npm-cache\http-signature
91 silly gentlyRm C:\Users\Ramses\AppData\Roaming\npm-cache\inflight is being purged
92 verbose gentlyRm don't care about contents; nuking C:\Users\Ramses\AppData\Roaming\npm-cache\inflight
93 silly gentlyRm C:\Users\Ramses\AppData\Roaming\npm-cache\inherits is being purged
94 verbose gentlyRm don't care about contents; nuking C:\Users\Ramses\AppData\Roaming\npm-cache\inherits
95 silly gentlyRm C:\Users\Ramses\AppData\Roaming\npm-cache\is-absolute is being purged
96 verbose gentlyRm don't care about contents; nuking C:\Users\Ramses\AppData\Roaming\npm-cache\is-absolute
97 silly gentlyRm C:\Users\Ramses\AppData\Roaming\npm-cache\is-my-json-valid is being purged
98 verbose gentlyRm don't care about contents; nuking C:\Users\Ramses\AppData\Roaming\npm-cache\is-my-json-valid
99 silly gentlyRm C:\Users\Ramses\AppData\Roaming\npm-cache\is-property is being purged
100 verbose gentlyRm don't care about contents; nuking C:\Users\Ramses\AppData\Roaming\npm-cache\is-property
101 silly gentlyRm C:\Users\Ramses\AppData\Roaming\npm-cache\is-relative is being purged
102 verbose gentlyRm don't care about contents; nuking C:\Users\Ramses\AppData\Roaming\npm-cache\is-relative
103 silly gentlyRm C:\Users\Ramses\AppData\Roaming\npm-cache\is-stream is being purged
104 verbose gentlyRm don't care about contents; nuking C:\Users\Ramses\AppData\Roaming\npm-cache\is-stream
105 silly gentlyRm C:\Users\Ramses\AppData\Roaming\npm-cache\is-typedarray is being purged
106 verbose gentlyRm don't care about contents; nuking C:\Users\Ramses\AppData\Roaming\npm-cache\is-typedarray
107 silly gentlyRm C:\Users\Ramses\AppData\Roaming\npm-cache\isarray is being purged
108 verbose gentlyRm don't care about contents; nuking C:\Users\Ramses\AppData\Roaming\npm-cache\isarray
109 silly gentlyRm C:\Users\Ramses\AppData\Roaming\npm-cache\isexe is being purged
110 verbose gentlyRm don't care about contents; nuking C:\Users\Ramses\AppData\Roaming\npm-cache\isexe
111 silly gentlyRm C:\Users\Ramses\AppData\Roaming\npm-cache\isstream is being purged
112 verbose gentlyRm don't care about contents; nuking C:\Users\Ramses\AppData\Roaming\npm-cache\isstream
113 silly gentlyRm C:\Users\Ramses\AppData\Roaming\npm-cache\jodid25519 is being purged
114 verbose gentlyRm don't care about contents; nuking C:\Users\Ramses\AppData\Roaming\npm-cache\jodid25519
115 silly gentlyRm C:\Users\Ramses\AppData\Roaming\npm-cache\jsbn is being purged
116 verbose gentlyRm don't care about contents; nuking C:\Users\Ramses\AppData\Roaming\npm-cache\jsbn
117 silly gentlyRm C:\Users\Ramses\AppData\Roaming\npm-cache\json-schema is being purged
118 verbose gentlyRm don't care about contents; nuking C:\Users\Ramses\AppData\Roaming\npm-cache\json-schema
119 silly gentlyRm C:\Users\Ramses\AppData\Roaming\npm-cache\json-stringify-safe is being purged
120 verbose gentlyRm don't care about contents; nuking C:\Users\Ramses\AppData\Roaming\npm-cache\json-stringify-safe
121 silly gentlyRm C:\Users\Ramses\AppData\Roaming\npm-cache\jsonfile is being purged
122 verbose gentlyRm don't care about contents; nuking C:\Users\Ramses\AppData\Roaming\npm-cache\jsonfile
123 silly gentlyRm C:\Users\Ramses\AppData\Roaming\npm-cache\jsonpointer is being purged
124 verbose gentlyRm don't care about contents; nuking C:\Users\Ramses\AppData\Roaming\npm-cache\jsonpointer
125 silly gentlyRm C:\Users\Ramses\AppData\Roaming\npm-cache\jsprim is being purged
126 verbose gentlyRm don't care about contents; nuking C:\Users\Ramses\AppData\Roaming\npm-cache\jsprim
127 silly gentlyRm C:\Users\Ramses\AppData\Roaming\npm-cache\kew is being purged
128 verbose gentlyRm don't care about contents; nuking C:\Users\Ramses\AppData\Roaming\npm-cache\kew
129 silly gentlyRm C:\Users\Ramses\AppData\Roaming\npm-cache\klaw is being purged
130 verbose gentlyRm don't care about contents; nuking C:\Users\Ramses\AppData\Roaming\npm-cache\klaw
131 silly gentlyRm C:\Users\Ramses\AppData\Roaming\npm-cache\mime-db is being purged
132 verbose gentlyRm don't care about contents; nuking C:\Users\Ramses\AppData\Roaming\npm-cache\mime-db
133 silly gentlyRm C:\Users\Ramses\AppData\Roaming\npm-cache\mime-types is being purged
134 verbose gentlyRm don't care about contents; nuking C:\Users\Ramses\AppData\Roaming\npm-cache\mime-types
135 silly gentlyRm C:\Users\Ramses\AppData\Roaming\npm-cache\minimatch is being purged
136 verbose gentlyRm don't care about contents; nuking C:\Users\Ramses\AppData\Roaming\npm-cache\minimatch
137 silly gentlyRm C:\Users\Ramses\AppData\Roaming\npm-cache\minimist is being purged
138 verbose gentlyRm don't care about contents; nuking C:\Users\Ramses\AppData\Roaming\npm-cache\minimist
139 silly gentlyRm C:\Users\Ramses\AppData\Roaming\npm-cache\mkdirp is being purged
140 verbose gentlyRm don't care about contents; nuking C:\Users\Ramses\AppData\Roaming\npm-cache\mkdirp
141 silly gentlyRm C:\Users\Ramses\AppData\Roaming\npm-cache\node-uuid is being purged
142 verbose gentlyRm don't care about contents; nuking C:\Users\Ramses\AppData\Roaming\npm-cache\node-uuid
143 silly gentlyRm C:\Users\Ramses\AppData\Roaming\npm-cache\oauth-sign is being purged
144 verbose gentlyRm don't care about contents; nuking C:\Users\Ramses\AppData\Roaming\npm-cache\oauth-sign
145 silly gentlyRm C:\Users\Ramses\AppData\Roaming\npm-cache\once is being purged
146 verbose gentlyRm don't care about contents; nuking C:\Users\Ramses\AppData\Roaming\npm-cache\once
147 silly gentlyRm C:\Users\Ramses\AppData\Roaming\npm-cache\path-is-absolute is being purged
148 verbose gentlyRm don't care about contents; nuking C:\Users\Ramses\AppData\Roaming\npm-cache\path-is-absolute
149 silly gentlyRm C:\Users\Ramses\AppData\Roaming\npm-cache\pend is being purged
150 verbose gentlyRm don't care about contents; nuking C:\Users\Ramses\AppData\Roaming\npm-cache\pend
151 silly gentlyRm C:\Users\Ramses\AppData\Roaming\npm-cache\phantomjs is being purged
152 verbose gentlyRm don't care about contents; nuking C:\Users\Ramses\AppData\Roaming\npm-cache\phantomjs
153 silly gentlyRm C:\Users\Ramses\AppData\Roaming\npm-cache\pinkie is being purged
154 verbose gentlyRm don't care about contents; nuking C:\Users\Ramses\AppData\Roaming\npm-cache\pinkie
155 silly gentlyRm C:\Users\Ramses\AppData\Roaming\npm-cache\pinkie-promise is being purged
156 verbose gentlyRm don't care about contents; nuking C:\Users\Ramses\AppData\Roaming\npm-cache\pinkie-promise
157 silly gentlyRm C:\Users\Ramses\AppData\Roaming\npm-cache\process-nextick-args is being purged
158 verbose gentlyRm don't care about contents; nuking C:\Users\Ramses\AppData\Roaming\npm-cache\process-nextick-args
159 silly gentlyRm C:\Users\Ramses\AppData\Roaming\npm-cache\progress is being purged
160 verbose gentlyRm don't care about contents; nuking C:\Users\Ramses\AppData\Roaming\npm-cache\progress
161 silly gentlyRm C:\Users\Ramses\AppData\Roaming\npm-cache\qs is being purged
162 verbose gentlyRm don't care about contents; nuking C:\Users\Ramses\AppData\Roaming\npm-cache\qs
163 silly gentlyRm C:\Users\Ramses\AppData\Roaming\npm-cache\readable-stream is being purged
164 verbose gentlyRm don't care about contents; nuking C:\Users\Ramses\AppData\Roaming\npm-cache\readable-stream
165 silly gentlyRm C:\Users\Ramses\AppData\Roaming\npm-cache\registry.npmjs.org is being purged
166 verbose gentlyRm don't care about contents; nuking C:\Users\Ramses\AppData\Roaming\npm-cache\registry.npmjs.org
167 silly gentlyRm C:\Users\Ramses\AppData\Roaming\npm-cache\request is being purged
168 verbose gentlyRm don't care about contents; nuking C:\Users\Ramses\AppData\Roaming\npm-cache\request
169 silly gentlyRm C:\Users\Ramses\AppData\Roaming\npm-cache\request-progress is being purged
170 verbose gentlyRm don't care about contents; nuking C:\Users\Ramses\AppData\Roaming\npm-cache\request-progress
171 silly gentlyRm C:\Users\Ramses\AppData\Roaming\npm-cache\rimraf is being purged
172 verbose gentlyRm don't care about contents; nuking C:\Users\Ramses\AppData\Roaming\npm-cache\rimraf
173 silly gentlyRm C:\Users\Ramses\AppData\Roaming\npm-cache\sntp is being purged
174 verbose gentlyRm don't care about contents; nuking C:\Users\Ramses\AppData\Roaming\npm-cache\sntp
175 silly gentlyRm C:\Users\Ramses\AppData\Roaming\npm-cache\sshpk is being purged
176 verbose gentlyRm don't care about contents; nuking C:\Users\Ramses\AppData\Roaming\npm-cache\sshpk
177 silly gentlyRm C:\Users\Ramses\AppData\Roaming\npm-cache\string_decoder is being purged
178 verbose gentlyRm don't care about contents; nuking C:\Users\Ramses\AppData\Roaming\npm-cache\string_decoder
179 silly gentlyRm C:\Users\Ramses\AppData\Roaming\npm-cache\stringstream is being purged
180 verbose gentlyRm don't care about contents; nuking C:\Users\Ramses\AppData\Roaming\npm-cache\stringstream
181 silly gentlyRm C:\Users\Ramses\AppData\Roaming\npm-cache\strip-ansi is being purged
182 verbose gentlyRm don't care about contents; nuking C:\Users\Ramses\AppData\Roaming\npm-cache\strip-ansi
183 silly gentlyRm C:\Users\Ramses\AppData\Roaming\npm-cache\supports-color is being purged
184 verbose gentlyRm don't care about contents; nuking C:\Users\Ramses\AppData\Roaming\npm-cache\supports-color
185 silly gentlyRm C:\Users\Ramses\AppData\Roaming\npm-cache\throttleit is being purged
186 verbose gentlyRm don't care about contents; nuking C:\Users\Ramses\AppData\Roaming\npm-cache\throttleit
187 silly gentlyRm C:\Users\Ramses\AppData\Roaming\npm-cache\tough-cookie is being purged
188 verbose gentlyRm don't care about contents; nuking C:\Users\Ramses\AppData\Roaming\npm-cache\tough-cookie
189 silly gentlyRm C:\Users\Ramses\AppData\Roaming\npm-cache\tunnel-agent is being purged
190 verbose gentlyRm don't care about contents; nuking C:\Users\Ramses\AppData\Roaming\npm-cache\tunnel-agent
191 silly gentlyRm C:\Users\Ramses\AppData\Roaming\npm-cache\tweetnacl is being purged
192 verbose gentlyRm don't care about contents; nuking C:\Users\Ramses\AppData\Roaming\npm-cache\tweetnacl
193 silly gentlyRm C:\Users\Ramses\AppData\Roaming\npm-cache\typedarray is being purged
194 verbose gentlyRm don't care about contents; nuking C:\Users\Ramses\AppData\Roaming\npm-cache\typedarray
195 silly gentlyRm C:\Users\Ramses\AppData\Roaming\npm-cache\util-deprecate is being purged
196 verbose gentlyRm don't care about contents; nuking C:\Users\Ramses\AppData\Roaming\npm-cache\util-deprecate
197 silly gentlyRm C:\Users\Ramses\AppData\Roaming\npm-cache\verror is being purged
198 verbose gentlyRm don't care about contents; nuking C:\Users\Ramses\AppData\Roaming\npm-cache\verror
199 silly gentlyRm C:\Users\Ramses\AppData\Roaming\npm-cache\which is being purged
200 verbose gentlyRm don't care about contents; nuking C:\Users\Ramses\AppData\Roaming\npm-cache\which
201 silly gentlyRm C:\Users\Ramses\AppData\Roaming\npm-cache\wrappy is being purged
202 verbose gentlyRm don't care about contents; nuking C:\Users\Ramses\AppData\Roaming\npm-cache\wrappy
203 silly gentlyRm C:\Users\Ramses\AppData\Roaming\npm-cache\xtend is being purged
204 verbose gentlyRm don't care about contents; nuking C:\Users\Ramses\AppData\Roaming\npm-cache\xtend
205 silly gentlyRm C:\Users\Ramses\AppData\Roaming\npm-cache\yauzl is being purged
206 verbose gentlyRm don't care about contents; nuking C:\Users\Ramses\AppData\Roaming\npm-cache\yauzl
207 silly vacuum-fs purging C:\Users\Ramses\AppData\Roaming\npm-cache\ansi-regex
208 silly vacuum-fs purging C:\Users\Ramses\AppData\Roaming\npm-cache\ansi-styles
209 silly vacuum-fs purging C:\Users\Ramses\AppData\Roaming\npm-cache\_locks
210 silly vacuum-fs purging C:\Users\Ramses\AppData\Roaming\npm-cache\asn1
211 silly vacuum-fs purging C:\Users\Ramses\AppData\Roaming\npm-cache\assert-plus
212 silly vacuum-fs purging C:\Users\Ramses\AppData\Roaming\npm-cache\async
213 silly vacuum-fs purging C:\Users\Ramses\AppData\Roaming\npm-cache\aws-sign2
214 silly vacuum-fs purging C:\Users\Ramses\AppData\Roaming\npm-cache\balanced-match
215 silly vacuum-fs purging C:\Users\Ramses\AppData\Roaming\npm-cache\bl
216 silly vacuum-fs purging C:\Users\Ramses\AppData\Roaming\npm-cache\boom
217 silly vacuum-fs purging C:\Users\Ramses\AppData\Roaming\npm-cache\brace-expansion
218 silly vacuum-fs purging C:\Users\Ramses\AppData\Roaming\npm-cache\caseless
219 silly vacuum-fs purging C:\Users\Ramses\AppData\Roaming\npm-cache\chalk
220 silly vacuum-fs purging C:\Users\Ramses\AppData\Roaming\npm-cache\combined-stream
221 silly vacuum-fs purging C:\Users\Ramses\AppData\Roaming\npm-cache\commander
222 silly vacuum-fs purging C:\Users\Ramses\AppData\Roaming\npm-cache\concat-map
223 silly vacuum-fs purging C:\Users\Ramses\AppData\Roaming\npm-cache\concat-stream
224 silly vacuum-fs purging C:\Users\Ramses\AppData\Roaming\npm-cache\core-util-is
225 silly vacuum-fs purging C:\Users\Ramses\AppData\Roaming\npm-cache\cryptiles
226 silly vacuum-fs purging C:\Users\Ramses\AppData\Roaming\npm-cache\dashdash
227 silly vacuum-fs purging C:\Users\Ramses\AppData\Roaming\npm-cache\debug
228 silly vacuum-fs purging C:\Users\Ramses\AppData\Roaming\npm-cache\delayed-stream
229 silly vacuum-fs purging C:\Users\Ramses\AppData\Roaming\npm-cache\ecc-jsbn
230 silly vacuum-fs purging C:\Users\Ramses\AppData\Roaming\npm-cache\escape-string-regexp
231 silly vacuum-fs purging C:\Users\Ramses\AppData\Roaming\npm-cache\extend
232 silly vacuum-fs purging C:\Users\Ramses\AppData\Roaming\npm-cache\extract-zip
233 silly vacuum-fs purging C:\Users\Ramses\AppData\Roaming\npm-cache\extsprintf
234 silly vacuum-fs purging C:\Users\Ramses\AppData\Roaming\npm-cache\fd-slicer
235 silly vacuum-fs purging C:\Users\Ramses\AppData\Roaming\npm-cache\forever-agent
236 silly vacuum-fs purging C:\Users\Ramses\AppData\Roaming\npm-cache\form-data
237 silly vacuum-fs purging C:\Users\Ramses\AppData\Roaming\npm-cache\fs-extra
238 silly vacuum-fs purging C:\Users\Ramses\AppData\Roaming\npm-cache\generate-function
239 silly vacuum-fs purging C:\Users\Ramses\AppData\Roaming\npm-cache\generate-object-property
240 silly vacuum-fs purging C:\Users\Ramses\AppData\Roaming\npm-cache\getpass
241 silly vacuum-fs purging C:\Users\Ramses\AppData\Roaming\npm-cache\glob
242 silly vacuum-fs purging C:\Users\Ramses\AppData\Roaming\npm-cache\graceful-fs
243 silly vacuum-fs purging C:\Users\Ramses\AppData\Roaming\npm-cache\graceful-readlink
244 silly vacuum-fs purging C:\Users\Ramses\AppData\Roaming\npm-cache\har-validator
245 silly vacuum-fs purging C:\Users\Ramses\AppData\Roaming\npm-cache\has-ansi
246 silly vacuum-fs purging C:\Users\Ramses\AppData\Roaming\npm-cache\hasha
247 silly vacuum-fs purging C:\Users\Ramses\AppData\Roaming\npm-cache\hawk
248 silly vacuum-fs purging C:\Users\Ramses\AppData\Roaming\npm-cache\hoek
249 silly vacuum-fs purging C:\Users\Ramses\AppData\Roaming\npm-cache\http-signature
250 silly vacuum-fs purging C:\Users\Ramses\AppData\Roaming\npm-cache\inflight
251 silly vacuum-fs purging C:\Users\Ramses\AppData\Roaming\npm-cache\inherits
252 silly vacuum-fs purging C:\Users\Ramses\AppData\Roaming\npm-cache\is-absolute
253 silly vacuum-fs purging C:\Users\Ramses\AppData\Roaming\npm-cache\is-my-json-valid
254 silly vacuum-fs purging C:\Users\Ramses\AppData\Roaming\npm-cache\is-property
255 silly vacuum-fs purging C:\Users\Ramses\AppData\Roaming\npm-cache\is-relative
256 silly vacuum-fs purging C:\Users\Ramses\AppData\Roaming\npm-cache\is-stream
257 silly vacuum-fs purging C:\Users\Ramses\AppData\Roaming\npm-cache\is-typedarray
258 silly vacuum-fs purging C:\Users\Ramses\AppData\Roaming\npm-cache\isarray
259 silly vacuum-fs purging C:\Users\Ramses\AppData\Roaming\npm-cache\isexe
260 silly vacuum-fs purging C:\Users\Ramses\AppData\Roaming\npm-cache\isstream
261 silly vacuum-fs purging C:\Users\Ramses\AppData\Roaming\npm-cache\jodid25519
262 silly vacuum-fs purging C:\Users\Ramses\AppData\Roaming\npm-cache\jsbn
263 silly vacuum-fs purging C:\Users\Ramses\AppData\Roaming\npm-cache\json-schema
264 silly vacuum-fs purging C:\Users\Ramses\AppData\Roaming\npm-cache\json-stringify-safe
265 silly vacuum-fs purging C:\Users\Ramses\AppData\Roaming\npm-cache\jsonfile
266 silly vacuum-fs purging C:\Users\Ramses\AppData\Roaming\npm-cache\jsonpointer
267 silly vacuum-fs purging C:\Users\Ramses\AppData\Roaming\npm-cache\jsprim
268 silly vacuum-fs purging C:\Users\Ramses\AppData\Roaming\npm-cache\kew
269 silly vacuum-fs purging C:\Users\Ramses\AppData\Roaming\npm-cache\klaw
270 silly vacuum-fs purging C:\Users\Ramses\AppData\Roaming\npm-cache\mime-db
271 silly vacuum-fs purging C:\Users\Ramses\AppData\Roaming\npm-cache\mime-types
272 silly vacuum-fs purging C:\Users\Ramses\AppData\Roaming\npm-cache\minimatch
273 silly vacuum-fs purging C:\Users\Ramses\AppData\Roaming\npm-cache\minimist
274 silly vacuum-fs purging C:\Users\Ramses\AppData\Roaming\npm-cache\mkdirp
275 silly vacuum-fs purging C:\Users\Ramses\AppData\Roaming\npm-cache\node-uuid
276 silly vacuum-fs purging C:\Users\Ramses\AppData\Roaming\npm-cache\oauth-sign
277 silly vacuum-fs purging C:\Users\Ramses\AppData\Roaming\npm-cache\once
278 silly vacuum-fs purging C:\Users\Ramses\AppData\Roaming\npm-cache\path-is-absolute
279 silly vacuum-fs purging C:\Users\Ramses\AppData\Roaming\npm-cache\pend
280 silly vacuum-fs purging C:\Users\Ramses\AppData\Roaming\npm-cache\phantomjs
281 silly vacuum-fs purging C:\Users\Ramses\AppData\Roaming\npm-cache\pinkie
282 silly vacuum-fs purging C:\Users\Ramses\AppData\Roaming\npm-cache\pinkie-promise
283 silly vacuum-fs purging C:\Users\Ramses\AppData\Roaming\npm-cache\process-nextick-args
284 silly vacuum-fs purging C:\Users\Ramses\AppData\Roaming\npm-cache\progress
285 silly vacuum-fs purging C:\Users\Ramses\AppData\Roaming\npm-cache\qs
286 silly vacuum-fs purging C:\Users\Ramses\AppData\Roaming\npm-cache\readable-stream
287 silly vacuum-fs purging C:\Users\Ramses\AppData\Roaming\npm-cache\registry.npmjs.org
288 silly vacuum-fs purging C:\Users\Ramses\AppData\Roaming\npm-cache\request
289 silly vacuum-fs purging C:\Users\Ramses\AppData\Roaming\npm-cache\request-progress
290 silly vacuum-fs purging C:\Users\Ramses\AppData\Roaming\npm-cache\rimraf
291 silly vacuum-fs purging C:\Users\Ramses\AppData\Roaming\npm-cache\sntp
292 silly vacuum-fs purging C:\Users\Ramses\AppData\Roaming\npm-cache\sshpk
293 silly vacuum-fs purging C:\Users\Ramses\AppData\Roaming\npm-cache\string_decoder
294 silly vacuum-fs purging C:\Users\Ramses\AppData\Roaming\npm-cache\stringstream
295 silly vacuum-fs purging C:\Users\Ramses\AppData\Roaming\npm-cache\strip-ansi
296 silly vacuum-fs purging C:\Users\Ramses\AppData\Roaming\npm-cache\supports-color
297 silly vacuum-fs purging C:\Users\Ramses\AppData\Roaming\npm-cache\throttleit
298 silly vacuum-fs purging C:\Users\Ramses\AppData\Roaming\npm-cache\tough-cookie
299 silly vacuum-fs purging C:\Users\Ramses\AppData\Roaming\npm-cache\tunnel-agent
300 silly vacuum-fs purging C:\Users\Ramses\AppData\Roaming\npm-cache\tweetnacl
301 silly vacuum-fs purging C:\Users\Ramses\AppData\Roaming\npm-cache\typedarray
302 silly vacuum-fs purging C:\Users\Ramses\AppData\Roaming\npm-cache\util-deprecate
303 silly vacuum-fs purging C:\Users\Ramses\AppData\Roaming\npm-cache\verror
304 silly vacuum-fs purging C:\Users\Ramses\AppData\Roaming\npm-cache\which
305 silly vacuum-fs purging C:\Users\Ramses\AppData\Roaming\npm-cache\wrappy
306 silly vacuum-fs purging C:\Users\Ramses\AppData\Roaming\npm-cache\xtend
307 silly vacuum-fs purging C:\Users\Ramses\AppData\Roaming\npm-cache\yauzl
308 silly vacuum-fs quitting because other entries in C:\Users\Ramses\AppData\Roaming\npm-cache
309 silly vacuum-fs quitting because other entries in C:\Users\Ramses\AppData\Roaming\npm-cache
310 silly vacuum-fs quitting because other entries in C:\Users\Ramses\AppData\Roaming\npm-cache
311 silly vacuum-fs quitting because other entries in C:\Users\Ramses\AppData\Roaming\npm-cache
312 silly vacuum-fs quitting because other entries in C:\Users\Ramses\AppData\Roaming\npm-cache
313 silly vacuum-fs quitting because other entries in C:\Users\Ramses\AppData\Roaming\npm-cache
314 silly vacuum-fs quitting because other entries in C:\Users\Ramses\AppData\Roaming\npm-cache
315 silly vacuum-fs quitting because other entries in C:\Users\Ramses\AppData\Roaming\npm-cache
316 silly vacuum-fs quitting because other entries in C:\Users\Ramses\AppData\Roaming\npm-cache
317 silly vacuum-fs quitting because other entries in C:\Users\Ramses\AppData\Roaming\npm-cache
318 silly vacuum-fs quitting because other entries in C:\Users\Ramses\AppData\Roaming\npm-cache
319 silly vacuum-fs quitting because other entries in C:\Users\Ramses\AppData\Roaming\npm-cache
320 silly vacuum-fs quitting because other entries in C:\Users\Ramses\AppData\Roaming\npm-cache
321 silly vacuum-fs quitting because other entries in C:\Users\Ramses\AppData\Roaming\npm-cache
322 silly vacuum-fs quitting because other entries in C:\Users\Ramses\AppData\Roaming\npm-cache
323 silly vacuum-fs quitting because other entries in C:\Users\Ramses\AppData\Roaming\npm-cache
324 silly vacuum-fs quitting because other entries in C:\Users\Ramses\AppData\Roaming\npm-cache
325 silly vacuum-fs quitting because other entries in C:\Users\Ramses\AppData\Roaming\npm-cache
326 silly vacuum-fs quitting because other entries in C:\Users\Ramses\AppData\Roaming\npm-cache
327 silly vacuum-fs quitting because other entries in C:\Users\Ramses\AppData\Roaming\npm-cache
328 silly vacuum-fs removing C:\Users\Ramses\AppData\Roaming\npm-cache
329 silly vacuum-fs removing C:\Users\Ramses\AppData\Roaming\npm-cache
330 silly vacuum-fs removing C:\Users\Ramses\AppData\Roaming\npm-cache
331 silly vacuum-fs removing C:\Users\Ramses\AppData\Roaming\npm-cache
332 silly vacuum-fs removing C:\Users\Ramses\AppData\Roaming\npm-cache
333 silly vacuum-fs removing C:\Users\Ramses\AppData\Roaming\npm-cache
334 silly vacuum-fs removing C:\Users\Ramses\AppData\Roaming\npm-cache
335 silly vacuum-fs removing C:\Users\Ramses\AppData\Roaming\npm-cache
336 silly vacuum-fs removing C:\Users\Ramses\AppData\Roaming\npm-cache
337 silly vacuum-fs removing C:\Users\Ramses\AppData\Roaming\npm-cache
338 silly vacuum-fs removing C:\Users\Ramses\AppData\Roaming\npm-cache
339 silly vacuum-fs removing C:\Users\Ramses\AppData\Roaming\npm-cache
340 silly vacuum-fs removing C:\Users\Ramses\AppData\Roaming\npm-cache
341 silly vacuum-fs removing C:\Users\Ramses\AppData\Roaming\npm-cache
342 silly vacuum-fs removing C:\Users\Ramses\AppData\Roaming\npm-cache
343 silly vacuum-fs removing C:\Users\Ramses\AppData\Roaming\npm-cache
344 silly vacuum-fs removing C:\Users\Ramses\AppData\Roaming\npm-cache
345 silly vacuum-fs removing C:\Users\Ramses\AppData\Roaming\npm-cache
346 silly vacuum-fs removing C:\Users\Ramses\AppData\Roaming\npm-cache
347 silly vacuum-fs removing C:\Users\Ramses\AppData\Roaming\npm-cache
348 silly vacuum-fs removing C:\Users\Ramses\AppData\Roaming\npm-cache
349 silly vacuum-fs removing C:\Users\Ramses\AppData\Roaming\npm-cache
350 silly vacuum-fs removing C:\Users\Ramses\AppData\Roaming\npm-cache
351 silly vacuum-fs removing C:\Users\Ramses\AppData\Roaming\npm-cache
352 silly vacuum-fs removing C:\Users\Ramses\AppData\Roaming\npm-cache
353 silly vacuum-fs removing C:\Users\Ramses\AppData\Roaming\npm-cache
354 silly vacuum-fs removing C:\Users\Ramses\AppData\Roaming\npm-cache
355 silly vacuum-fs removing C:\Users\Ramses\AppData\Roaming\npm-cache
356 silly vacuum-fs removing C:\Users\Ramses\AppData\Roaming\npm-cache
357 silly vacuum-fs removing C:\Users\Ramses\AppData\Roaming\npm-cache
358 silly vacuum-fs removing C:\Users\Ramses\AppData\Roaming\npm-cache
359 silly vacuum-fs removing C:\Users\Ramses\AppData\Roaming\npm-cache
360 silly vacuum-fs removing C:\Users\Ramses\AppData\Roaming\npm-cache
361 silly vacuum-fs removing C:\Users\Ramses\AppData\Roaming\npm-cache
362 silly vacuum-fs removing C:\Users\Ramses\AppData\Roaming\npm-cache
363 silly vacuum-fs removing C:\Users\Ramses\AppData\Roaming\npm-cache
364 silly vacuum-fs removing C:\Users\Ramses\AppData\Roaming\npm-cache
365 silly vacuum-fs removing C:\Users\Ramses\AppData\Roaming\npm-cache
366 silly vacuum-fs removing C:\Users\Ramses\AppData\Roaming\npm-cache
367 silly vacuum-fs removing C:\Users\Ramses\AppData\Roaming\npm-cache
368 silly vacuum-fs removing C:\Users\Ramses\AppData\Roaming\npm-cache
369 silly vacuum-fs removing C:\Users\Ramses\AppData\Roaming\npm-cache
370 silly vacuum-fs removing C:\Users\Ramses\AppData\Roaming\npm-cache
371 silly vacuum-fs removing C:\Users\Ramses\AppData\Roaming\npm-cache
372 silly vacuum-fs removing C:\Users\Ramses\AppData\Roaming\npm-cache
373 silly vacuum-fs removing C:\Users\Ramses\AppData\Roaming\npm-cache
374 silly vacuum-fs removing C:\Users\Ramses\AppData\Roaming\npm-cache
375 silly vacuum-fs removing C:\Users\Ramses\AppData\Roaming\npm-cache
376 silly vacuum-fs removing C:\Users\Ramses\AppData\Roaming\npm-cache
377 silly vacuum-fs removing C:\Users\Ramses\AppData\Roaming\npm-cache
378 silly vacuum-fs removing C:\Users\Ramses\AppData\Roaming\npm-cache
379 silly vacuum-fs removing C:\Users\Ramses\AppData\Roaming\npm-cache
380 silly vacuum-fs removing C:\Users\Ramses\AppData\Roaming\npm-cache
381 silly vacuum-fs removing C:\Users\Ramses\AppData\Roaming\npm-cache
382 silly vacuum-fs removing C:\Users\Ramses\AppData\Roaming\npm-cache
383 silly vacuum-fs removing C:\Users\Ramses\AppData\Roaming\npm-cache
384 silly vacuum-fs removing C:\Users\Ramses\AppData\Roaming\npm-cache
385 silly vacuum-fs removing C:\Users\Ramses\AppData\Roaming\npm-cache
386 silly vacuum-fs removing C:\Users\Ramses\AppData\Roaming\npm-cache
387 silly vacuum-fs removing C:\Users\Ramses\AppData\Roaming\npm-cache
388 silly vacuum-fs removing C:\Users\Ramses\AppData\Roaming\npm-cache
389 silly vacuum-fs removing C:\Users\Ramses\AppData\Roaming\npm-cache
390 silly vacuum-fs removing C:\Users\Ramses\AppData\Roaming\npm-cache
391 silly vacuum-fs removing C:\Users\Ramses\AppData\Roaming\npm-cache
392 silly vacuum-fs removing C:\Users\Ramses\AppData\Roaming\npm-cache
393 silly vacuum-fs removing C:\Users\Ramses\AppData\Roaming\npm-cache
394 silly vacuum-fs removing C:\Users\Ramses\AppData\Roaming\npm-cache
395 silly vacuum-fs removing C:\Users\Ramses\AppData\Roaming\npm-cache
396 silly vacuum-fs removing C:\Users\Ramses\AppData\Roaming\npm-cache
397 silly vacuum-fs removing C:\Users\Ramses\AppData\Roaming\npm-cache
398 silly vacuum-fs removing C:\Users\Ramses\AppData\Roaming\npm-cache
399 silly vacuum-fs removing C:\Users\Ramses\AppData\Roaming\npm-cache
400 silly vacuum-fs removing C:\Users\Ramses\AppData\Roaming\npm-cache
401 silly vacuum-fs removing C:\Users\Ramses\AppData\Roaming\npm-cache
402 silly vacuum-fs removing C:\Users\Ramses\AppData\Roaming\npm-cache
403 silly vacuum-fs removing C:\Users\Ramses\AppData\Roaming\npm-cache
404 silly vacuum-fs removing C:\Users\Ramses\AppData\Roaming\npm-cache
405 silly vacuum-fs removing C:\Users\Ramses\AppData\Roaming\npm-cache
406 silly vacuum-fs removing C:\Users\Ramses\AppData\Roaming\npm-cache
407 silly vacuum-fs removing C:\Users\Ramses\AppData\Roaming\npm-cache
408 silly vacuum-fs removing C:\Users\Ramses\AppData\Roaming\npm-cache
409 silly vacuum-fs unable to remove C:\Users\Ramses\AppData\Roaming\npm-cache due to EPERM: operation not permitted, rmdir 'C:\Users\Ramses\AppData\Roaming\npm-cache'
410 silly vacuum-fs unable to remove C:\Users\Ramses\AppData\Roaming\npm-cache due to EPERM: operation not permitted, rmdir 'C:\Users\Ramses\AppData\Roaming\npm-cache'
411 silly vacuum-fs quitting because lost the race to remove C:\Users\Ramses\AppData\Roaming\npm-cache
412 silly vacuum-fs quitting because lost the race to remove C:\Users\Ramses\AppData\Roaming\npm-cache
413 silly vacuum-fs quitting because lost the race to remove C:\Users\Ramses\AppData\Roaming\npm-cache
414 silly vacuum-fs quitting because lost the race to remove C:\Users\Ramses\AppData\Roaming\npm-cache
415 silly vacuum-fs quitting because lost the race to remove C:\Users\Ramses\AppData\Roaming\npm-cache
416 silly vacuum-fs quitting because lost the race to remove C:\Users\Ramses\AppData\Roaming\npm-cache
417 silly vacuum-fs quitting because lost the race to remove C:\Users\Ramses\AppData\Roaming\npm-cache
418 silly vacuum-fs quitting because lost the race to remove C:\Users\Ramses\AppData\Roaming\npm-cache
419 silly vacuum-fs quitting because lost the race to remove C:\Users\Ramses\AppData\Roaming\npm-cache
420 silly vacuum-fs quitting because lost the race to remove C:\Users\Ramses\AppData\Roaming\npm-cache
421 silly vacuum-fs quitting because lost the race to remove C:\Users\Ramses\AppData\Roaming\npm-cache
422 silly vacuum-fs quitting because lost the race to remove C:\Users\Ramses\AppData\Roaming\npm-cache
423 silly vacuum-fs quitting because lost the race to remove C:\Users\Ramses\AppData\Roaming\npm-cache
424 silly vacuum-fs quitting because lost the race to remove C:\Users\Ramses\AppData\Roaming\npm-cache
425 silly vacuum-fs quitting because lost the race to remove C:\Users\Ramses\AppData\Roaming\npm-cache
426 silly vacuum-fs quitting because lost the race to remove C:\Users\Ramses\AppData\Roaming\npm-cache
427 silly vacuum-fs quitting because lost the race to remove C:\Users\Ramses\AppData\Roaming\npm-cache
428 silly vacuum-fs quitting because lost the race to remove C:\Users\Ramses\AppData\Roaming\npm-cache
429 silly vacuum-fs quitting because lost the race to remove C:\Users\Ramses\AppData\Roaming\npm-cache
430 silly vacuum-fs quitting because lost the race to remove C:\Users\Ramses\AppData\Roaming\npm-cache
431 silly vacuum-fs quitting because lost the race to remove C:\Users\Ramses\AppData\Roaming\npm-cache
432 silly vacuum-fs quitting because lost the race to remove C:\Users\Ramses\AppData\Roaming\npm-cache
433 silly vacuum-fs quitting because lost the race to remove C:\Users\Ramses\AppData\Roaming\npm-cache
434 silly vacuum-fs quitting because lost the race to remove C:\Users\Ramses\AppData\Roaming\npm-cache
435 silly vacuum-fs quitting because lost the race to remove C:\Users\Ramses\AppData\Roaming\npm-cache
436 silly vacuum-fs quitting because lost the race to remove C:\Users\Ramses\AppData\Roaming\npm-cache
437 silly vacuum-fs quitting because lost the race to remove C:\Users\Ramses\AppData\Roaming\npm-cache
438 silly vacuum-fs quitting because lost the race to remove C:\Users\Ramses\AppData\Roaming\npm-cache
439 silly vacuum-fs quitting because lost the race to remove C:\Users\Ramses\AppData\Roaming\npm-cache
440 silly vacuum-fs quitting because lost the race to remove C:\Users\Ramses\AppData\Roaming\npm-cache
441 silly vacuum-fs quitting because lost the race to remove C:\Users\Ramses\AppData\Roaming\npm-cache
442 silly vacuum-fs quitting because lost the race to remove C:\Users\Ramses\AppData\Roaming\npm-cache
443 silly vacuum-fs quitting because lost the race to remove C:\Users\Ramses\AppData\Roaming\npm-cache
444 silly vacuum-fs quitting because lost the race to remove C:\Users\Ramses\AppData\Roaming\npm-cache
445 silly vacuum-fs quitting because lost the race to remove C:\Users\Ramses\AppData\Roaming\npm-cache
446 silly vacuum-fs quitting because lost the race to remove C:\Users\Ramses\AppData\Roaming\npm-cache
447 silly vacuum-fs quitting because lost the race to remove C:\Users\Ramses\AppData\Roaming\npm-cache
448 silly vacuum-fs quitting because lost the race to remove C:\Users\Ramses\AppData\Roaming\npm-cache
449 silly vacuum-fs quitting because lost the race to remove C:\Users\Ramses\AppData\Roaming\npm-cache
450 silly vacuum-fs quitting because lost the race to remove C:\Users\Ramses\AppData\Roaming\npm-cache
451 silly vacuum-fs quitting because lost the race to remove C:\Users\Ramses\AppData\Roaming\npm-cache
452 silly vacuum-fs quitting because lost the race to remove C:\Users\Ramses\AppData\Roaming\npm-cache
453 silly vacuum-fs quitting because lost the race to remove C:\Users\Ramses\AppData\Roaming\npm-cache
454 silly vacuum-fs quitting because lost the race to remove C:\Users\Ramses\AppData\Roaming\npm-cache
455 silly vacuum-fs quitting because lost the race to remove C:\Users\Ramses\AppData\Roaming\npm-cache
456 silly vacuum-fs quitting because lost the race to remove C:\Users\Ramses\AppData\Roaming\npm-cache
457 silly vacuum-fs quitting because lost the race to remove C:\Users\Ramses\AppData\Roaming\npm-cache
458 silly vacuum-fs quitting because lost the race to remove C:\Users\Ramses\AppData\Roaming\npm-cache
459 silly vacuum-fs quitting because lost the race to remove C:\Users\Ramses\AppData\Roaming\npm-cache
460 silly vacuum-fs quitting because lost the race to remove C:\Users\Ramses\AppData\Roaming\npm-cache
461 silly vacuum-fs quitting because lost the race to remove C:\Users\Ramses\AppData\Roaming\npm-cache
462 silly vacuum-fs quitting because lost the race to remove C:\Users\Ramses\AppData\Roaming\npm-cache
463 silly vacuum-fs quitting because lost the race to remove C:\Users\Ramses\AppData\Roaming\npm-cache
464 silly vacuum-fs quitting because lost the race to remove C:\Users\Ramses\AppData\Roaming\npm-cache
465 silly vacuum-fs quitting because lost the race to remove C:\Users\Ramses\AppData\Roaming\npm-cache
466 silly vacuum-fs quitting because lost the race to remove C:\Users\Ramses\AppData\Roaming\npm-cache
467 silly vacuum-fs quitting because lost the race to remove C:\Users\Ramses\AppData\Roaming\npm-cache
468 silly vacuum-fs quitting because lost the race to remove C:\Users\Ramses\AppData\Roaming\npm-cache
469 silly vacuum-fs quitting because lost the race to remove C:\Users\Ramses\AppData\Roaming\npm-cache
470 silly vacuum-fs quitting because lost the race to remove C:\Users\Ramses\AppData\Roaming\npm-cache
471 silly vacuum-fs quitting because lost the race to remove C:\Users\Ramses\AppData\Roaming\npm-cache
472 silly vacuum-fs quitting because lost the race to remove C:\Users\Ramses\AppData\Roaming\npm-cache
473 silly vacuum-fs quitting because lost the race to remove C:\Users\Ramses\AppData\Roaming\npm-cache
474 silly vacuum-fs quitting because lost the race to remove C:\Users\Ramses\AppData\Roaming\npm-cache
475 silly vacuum-fs quitting because lost the race to remove C:\Users\Ramses\AppData\Roaming\npm-cache
476 silly vacuum-fs quitting because lost the race to remove C:\Users\Ramses\AppData\Roaming\npm-cache
477 silly vacuum-fs quitting because lost the race to remove C:\Users\Ramses\AppData\Roaming\npm-cache
478 silly vacuum-fs quitting because lost the race to remove C:\Users\Ramses\AppData\Roaming\npm-cache
479 silly vacuum-fs quitting because lost the race to remove C:\Users\Ramses\AppData\Roaming\npm-cache
480 silly vacuum-fs quitting because lost the race to remove C:\Users\Ramses\AppData\Roaming\npm-cache
481 silly vacuum-fs quitting because lost the race to remove C:\Users\Ramses\AppData\Roaming\npm-cache
482 silly vacuum-fs quitting because lost the race to remove C:\Users\Ramses\AppData\Roaming\npm-cache
483 silly vacuum-fs quitting because lost the race to remove C:\Users\Ramses\AppData\Roaming\npm-cache
484 silly vacuum-fs quitting because lost the race to remove C:\Users\Ramses\AppData\Roaming\npm-cache
485 silly vacuum-fs quitting because lost the race to remove C:\Users\Ramses\AppData\Roaming\npm-cache
486 silly vacuum-fs quitting because lost the race to remove C:\Users\Ramses\AppData\Roaming\npm-cache
487 silly vacuum-fs quitting because lost the race to remove C:\Users\Ramses\AppData\Roaming\npm-cache
488 silly vacuum-fs quitting because lost the race to remove C:\Users\Ramses\AppData\Roaming\npm-cache
489 silly vacuum-fs quitting because other entries in C:\Users\Ramses\AppData\Roaming
490 verbose stack Error: EPERM: operation not permitted, rmdir 'C:\Users\Ramses\AppData\Roaming\npm-cache'
490 verbose stack     at Error (native)
491 verbose cwd C:\Sites\receta
492 error Windows_NT 6.1.7601
493 error argv "C:\\Program Files\\nodejs\\node.exe" "C:\\Users\\Ramses\\AppData\\Roaming\\npm\\node_modules\\npm\\bin\\npm-cli.js" "cache" "clean"
494 error node v4.4.3
495 error npm  v3.8.7
496 error path C:\Users\Ramses\AppData\Roaming\npm-cache
497 error code EPERM
498 error errno -4048
499 error syscall rmdir
500 error Error: EPERM: operation not permitted, rmdir 'C:\Users\Ramses\AppData\Roaming\npm-cache'
500 error     at Error (native)
500 error  { [Error: EPERM: operation not permitted, rmdir 'C:\Users\Ramses\AppData\Roaming\npm-cache']
500 error   errno: -4048,
500 error   code: 'EPERM',
500 error   syscall: 'rmdir',
500 error   path: 'C:\\Users\\Ramses\\AppData\\Roaming\\npm-cache' }
501 error Please try running this command again as root/Administrator.
502 verbose exit [ -4048, true ]
